  main.cpp
c:\users\scrib\desktop\gaborwrinkle\packages\opencv3.1.1.0\build\native\include\opencv2\core\utility.hpp : warning C4819: The file contains a character that cannot be represented in the current code page (932). Save the file in Unicode format to prevent data loss
c:\users\scrib\desktop\gaborwrinkle\packages\opencv3.1.1.0\build\native\include\opencv2\core\cvdef.h(66): fatal error C1083: Cannot open include file: 'limits.h': No such file or directory
  frangi.cpp
c:\users\scrib\desktop\gaborwrinkle\packages\opencv3.1.1.0\build\native\include\opencv2\core\cvdef.h(66): fatal error C1083: Cannot open include file: 'limits.h': No such file or directory
  Generating Code...
